{"ts":"2026-04-09T15:25:51.630Z","event":"session_start","unity":"6000.4.1f1"}
{"ts":"2026-04-09T15:25:51.630Z","tool":"get_editor_state","type":"resource","status":"SUCCESS","ms":2,"params":{}}
{"ts":"2026-04-09T15:25:51.729Z","tool":"get_project_info","type":"resource","status":"SUCCESS","ms":1,"params":{}}
{"ts":"2026-04-09T15:26:18.289Z","tool":"get_editor_state","type":"resource","status":"SUCCESS","ms":0,"params":{}}
{"ts":"2026-04-09T15:26:18.294Z","tool":"get_project_info","type":"resource","status":"SUCCESS","ms":0,"params":{}}
{"ts":"2026-04-09T15:26:30.465Z","tool":"manage_graphics","type":"tool","status":"SUCCESS","ms":6,"action":"pipeline_get_info","params":{"action":"pipeline_get_info"}}
{"ts":"2026-04-09T15:26:37.222Z","tool":"manage_graphics","type":"tool","status":"SUCCESS","ms":46,"action":"pipeline_set_settings","params":{"action":"pipeline_set_settings","settings":{"msaaSampleCount":4,"supportsSoftShadows":true,"shadowDistance":50}}}
{"ts":"2026-04-09T15:27:01.526Z","tool":"get_editor_state","type":"resource","status":"SUCCESS","ms":0,"params":{}}
{"ts":"2026-04-09T15:27:01.629Z","tool":"get_project_info","type":"resource","status":"SUCCESS","ms":0,"params":{}}
{"ts":"2026-04-09T15:27:02.217Z","tool":"get_editor_state","type":"resource","status":"SUCCESS","ms":0,"params":{}}
{"ts":"2026-04-09T15:27:06.098Z","event":"session_start","unity":"6000.4.1f1"}
{"ts":"2026-04-09T15:27:06.090Z","tool":"get_editor_state","type":"resource","status":"SUCCESS","ms":2,"params":{}}
{"ts":"2026-04-09T15:27:06.109Z","tool":"get_project_info","type":"resource","status":"SUCCESS","ms":1,"params":{}}
{"ts":"2026-04-09T15:27:06.210Z","tool":"manage_asset","type":"tool","status":"ERROR","ms":2,"action":"create","params":{"action":"create","path":"Assets/_Project/Input/SeedMindInputActions.inputactions","assetType":"TextAsset","properties":{"content":"{\"name\":\"SeedMindInputActions\",\"maps\":[{\"name\":\"Player\",\"id\":\"player-map\",\"actions\":[{\"name\":\"Move\",\"type\":\"Value\",\"id\":\"move\",\"expectedControlType\":\"Vector2\",\"processors\":\"\",\"interactions\":\"\",\"initialStateCheck\":true},{\"name\":\"Interact\",\"type\":\"Button\",\"id\":\"interact\",\"expectedControlType\":\"Button\",\"processors\":\"\",\"interactions\":\"\"},{\"name\":\"UseTool\",\"type\":\"Button\",\"id\":\"use-tool\",\"expectedControlType\":\"Button\",\"processors\":\"\",\"interactions\":\"\"},{\"name\":\"SelectTool1\",\"type\":\"Button\",\"id\":\"select-tool-1\",\"expectedControlType\":\"Button\",\"processors\":\"\",\"interactions\":\"\"},{\"name\":\"SelectTool2\",\"type\":\"Button\",\"id\":\"select-tool-2\",\"expectedControlType\":\"Button\",\"processors\":\"\",\"interactions\":\"\"},{\"name\":\"SelectTool3\",\"type\":\"Button\",\"id\":\"select-tool-3\",\"expectedControlType\":\"Button\",\"processors\":\"\",\"interactions\":\"\"},{\"name\":\"SelectTool4\",\"type\":\"Button\",\"id\":\"select-tool-4\",\"expectedControlType\":\"Button\",\"processors\":\"\",\"interactions\":\"\"},{\"name\":\"SelectTool5\",\"type\":\"Button\",\"id\":\"select-tool-5\",\"expectedControlType\":\"Button\",\"processors\":\"\",\"interactions\":\"\"},{\"name\":\"OpenInventory\",\"type\":\"Button\",\"id\":\"open-inventory\",\"expectedControlType\":\"Button\",\"processors\":\"\",\"interactions\":\"\"},{\"name\":\"Pause\",\"type\":\"Button\",\"id\":\"pause\",\"expectedControlType\":\"Button\",\"processors\":\"\",\"interactions\":\"\"}],\"bindings\":[{\"name\":\"\",\"id\":\"move-wasd\",\"path\":\"<Keyboard>/w\",\"interactions\":\"\",\"processors\":\"\",\"groups\":\"\",\"action\":\"Move\",\"isComposite\":false,\"isPartOfComposite\":true},{\"name\":\"up\",\"id\":\"move-composite\",\"path\":\"2DVector\",\"interactions\":\"\",\"processors\":\"\",\"groups\":\"\",\"action\":\"Move\",\"isComposite\":true,\"isPartOfComposite\":false},{\"name\":\"up\",\"id\":\"move-w\",\"path\":\"<Keyboard>/w\",\"interactions\":\"\",\"processors\":\"\",\"groups\":\"\",\"action\":\"Move\",\"isComposite\":false,\"isPartOfComposite\":true},{\"name\":\"down\",\"id\":\"move-s\",\"path\":\"<Keyboard>/s\",\"interactions\":\"\",\"processors\":\"\",\"groups\":\"\",\"action\":\"Move\",\"isComposite\":false,\"isPartOfComposite\":true},{\"name\":\"left\",\"id\":\"move-a\",\"path\":\"<Keyboard>/a\",\"interactions\":\"\",\"processors\":\"\",\"groups\":\"\",\"action\":\"Move\",\"isComposite\":false,\"isPartOfComposite\":true},{\"name\":\"right\",\"id\":\"move-d\",\"path\":\"<Keyboard>/d\",\"interactions\":\"\",\"processors\":\"\",\"groups\":\"\",\"action\":\"Move\",\"isComposite\":false,\"isPartOfComposite\":true},{\"name\":\"\",\"id\":\"interact-e\",\"path\":\"<Keyboard>/e\",\"interactions\":\"\",\"processors\":\"\",\"groups\":\"\",\"action\":\"Interact\",\"isComposite\":false,\"isPartOfComposite\":false},{\"name\":\"\",\"id\":\"use-tool-lmb\",\"path\":\"<Mouse>/leftButton\",\"interactions\":\"\",\"processors\":\"\",\"groups\":\"\",\"action\":\"UseTool\",\"isComposite\":false,\"isPartOfComposite\":false},{\"name\":\"\",\"id\":\"tool1\",\"path\":\"<Keyboard>/1\",\"interactions\":\"\",\"processors\":\"\",\"groups\":\"\",\"action\":\"SelectTool1\",\"isComposite\":false,\"isPartOfComposite\":false},{\"name\":\"\",\"id\":\"tool2\",\"path\":\"<Keyboard>/2\",\"interactions\":\"\",\"processors\":\"\",\"groups\":\"\",\"action\":\"SelectTool2\",\"isComposite\":false,\"isPartOfComposite\":false},{\"name\":\"\",\"id\":\"tool3\",\"path\":\"<Keyboard>/3\",\"interactions\":\"\",\"processors\":\"\",\"groups\":\"\",\"action\":\"SelectTool3\",\"isComposite\":false,\"isPartOfComposite\":false},{\"name\":\"\",\"id\":\"tool4\",\"path\":\"<Keyboard>/4\",\"interactions\":\"\",\"processors\":\"\",\"groups\":\"\",\"action\":\"SelectTool4\",\"isComposite\":false,\"isPartOfComposite\":false},{\"name\":\"\",\"id\":\"tool5\",\"path\":\"<Keyboard>/5\",\"interactions\":\"\",\"processors\":\"\",\"groups\":\"\",\"action\":\"SelectTool5\",\"isComposite\":false,\"isPartOfComposite\":false},{\"name\":\"\",\"id\":\"inventory-tab\",\"path\":\"<Keyboard>/tab\",\"interactions\":\"\",\"processors\":\"\",\"groups\":\"\",\"action\":\"OpenInventory\",\"isComposite\":false,\"isPartOfComposite\":false},{\"name\":\"\",\"id\":\"pause-esc\",\"path\":\"<Keyboard>/escape\",\"interactions\":\"\",\"processors\":\"\",\"groups\":\"\",\"action\":\"Pause\",\"isComposite\":false,\"isPartOfComposite\":false}]}],\"controlSchemes\":[]}"},"generatePreview":false},"error":"Creation for asset type 'TextAsset' is not explicitly supported yet. Supported: Folder, Material, PhysicsMaterial."}
{"ts":"2026-04-09T15:27:34.175Z","tool":"get_editor_state","type":"resource","status":"SUCCESS","ms":0,"params":{}}
{"ts":"2026-04-09T15:27:34.277Z","tool":"get_project_info","type":"resource","status":"SUCCESS","ms":0,"params":{}}
{"ts":"2026-04-09T15:27:34.472Z","tool":"manage_asset","type":"tool","status":"SUCCESS","ms":96,"action":"import","params":{"action":"import","path":"Assets/_Project/Input/SeedMindInputActions.inputactions","generatePreview":false}}
{"ts":"2026-04-09T15:27:40.521Z","tool":"get_editor_state","type":"resource","status":"SUCCESS","ms":0,"params":{}}
{"ts":"2026-04-09T15:27:40.621Z","tool":"get_project_info","type":"resource","status":"SUCCESS","ms":0,"params":{}}
{"ts":"2026-04-09T15:27:40.892Z","tool":"get_editor_state","type":"resource","status":"SUCCESS","ms":0,"params":{}}
{"ts":"2026-04-09T15:27:41.343Z","tool":"get_project_info","type":"resource","status":"SUCCESS","ms":0,"params":{}}
{"ts":"2026-04-09T15:27:44.942Z","event":"session_start","unity":"6000.4.1f1"}
{"ts":"2026-04-09T15:27:44.939Z","tool":"get_editor_state","type":"resource","status":"SUCCESS","ms":1,"params":{}}
{"ts":"2026-04-09T15:27:44.951Z","tool":"get_project_info","type":"resource","status":"SUCCESS","ms":0,"params":{}}
{"ts":"2026-04-09T15:27:45.268Z","tool":"manage_scene","type":"tool","status":"SUCCESS","ms":217,"action":"create","params":{"action":"create","name":"SCN_Farm","path":"Assets/_Project/Scenes/Main/SCN_Farm.unity","template":"empty"}}
{"ts":"2026-04-09T15:28:24.387Z","tool":"manage_material","type":"tool","status":"SUCCESS","ms":102,"action":"create","params":{"action":"create","materialPath":"Assets/_Project/Materials/Terrain/M_Grass.mat","shader":"Universal Render Pipeline/Lit","color":[0.29803921568627451,0.68627450980392157,0.31372549019607843,1.0]}}
{"ts":"2026-04-09T15:28:37.350Z","tool":"manage_material","type":"tool","status":"SUCCESS","ms":4,"action":"assign_material_to_renderer","params":{"action":"assign_material_to_renderer","materialPath":"Assets/_Project/Materials/Terrain/M_Grass.mat","target":"GroundPlane"}}
{"ts":"2026-04-09T15:28:56.348Z","tool":"get_editor_state","type":"resource","status":"SUCCESS","ms":0,"params":{}}
{"ts":"2026-04-09T15:28:56.350Z","tool":"get_project_info","type":"resource","status":"SUCCESS","ms":0,"params":{}}
{"ts":"2026-04-09T15:28:56.386Z","tool":"manage_components","type":"tool","status":"SUCCESS","ms":0,"action":"set_property","params":{"action":"set_property","target":"Sun","componentType":"Light","property":"color","value":{"r":1,"g":0.98,"b":0.93,"a":1}}}
{"ts":"2026-04-09T15:29:01.963Z","tool":"manage_graphics","type":"tool","status":"SUCCESS","ms":2,"action":"skybox_set_ambient","params":{"action":"skybox_set_ambient","color":[0.91,0.96,0.91,1.0],"ambient_mode":"Flat"}}
{"ts":"2026-04-09T15:29:08.084Z","tool":"get_editor_state","type":"resource","status":"SUCCESS","ms":0,"params":{}}
{"ts":"2026-04-09T15:29:08.088Z","tool":"get_project_info","type":"resource","status":"SUCCESS","ms":0,"params":{}}
{"ts":"2026-04-09T15:29:08.578Z","tool":"get_editor_state","type":"resource","status":"SUCCESS","ms":0,"params":{}}
{"ts":"2026-04-09T15:29:11.598Z","event":"session_start","unity":"6000.4.1f1"}
{"ts":"2026-04-09T15:29:11.593Z","tool":"get_editor_state","type":"resource","status":"SUCCESS","ms":0,"params":{}}
{"ts":"2026-04-09T15:29:11.970Z","tool":"get_project_info","type":"resource","status":"SUCCESS","ms":0,"params":{}}
{"ts":"2026-04-09T15:29:12.425Z","tool":"manage_gameobject","type":"tool","status":"SUCCESS","ms":424,"action":"create","params":{"action":"create","name":"Main Camera","parent":"--- CAMERA ---","position":[4.0,10.0,-4.0],"rotation":[45.0,45.0,0.0],"componentsToAdd":["Camera","AudioListener"],"world_space":true}}
{"ts":"2026-04-09T15:29:53.233Z","tool":"get_editor_state","type":"resource","status":"SUCCESS","ms":1,"params":{}}
{"ts":"2026-04-09T15:29:53.333Z","tool":"get_project_info","type":"resource","status":"SUCCESS","ms":0,"params":{}}
{"ts":"2026-04-09T15:29:53.551Z","tool":"manage_scene","type":"tool","status":"SUCCESS","ms":117,"action":"save","params":{"action":"save","path":"Assets/_Project/Scenes/Main/SCN_Farm.unity"}}
{"ts":"2026-04-09T15:29:59.599Z","tool":"get_editor_state","type":"resource","status":"SUCCESS","ms":0,"params":{}}
{"ts":"2026-04-09T15:29:59.698Z","tool":"get_project_info","type":"resource","status":"SUCCESS","ms":0,"params":{}}
{"ts":"2026-04-09T15:29:59.947Z","tool":"get_editor_state","type":"resource","status":"SUCCESS","ms":0,"params":{}}
{"ts":"2026-04-09T15:30:00.356Z","tool":"get_project_info","type":"resource","status":"SUCCESS","ms":0,"params":{}}
{"ts":"2026-04-09T15:30:03.957Z","event":"session_start","unity":"6000.4.1f1"}
{"ts":"2026-04-09T15:30:03.954Z","tool":"get_editor_state","type":"resource","status":"SUCCESS","ms":1,"params":{}}
{"ts":"2026-04-09T15:30:03.966Z","tool":"get_project_info","type":"resource","status":"SUCCESS","ms":0,"params":{}}
{"ts":"2026-04-09T15:30:04.238Z","tool":"manage_scene","type":"tool","status":"SUCCESS","ms":173,"action":"create","params":{"action":"create","name":"SCN_MainMenu","path":"Assets/_Project/Scenes/Main/SCN_MainMenu.unity","template":"empty"}}
{"ts":"2026-04-09T15:30:37.753Z","tool":"get_editor_state","type":"resource","status":"SUCCESS","ms":0,"params":{}}
{"ts":"2026-04-09T15:30:37.863Z","tool":"get_project_info","type":"resource","status":"SUCCESS","ms":0,"params":{}}
{"ts":"2026-04-09T15:30:38.115Z","tool":"manage_scene","type":"tool","status":"SUCCESS","ms":141,"action":"create","params":{"action":"create","name":"SCN_Loading","path":"Assets/_Project/Scenes/Main/SCN_Loading.unity","template":"empty"}}
{"ts":"2026-04-09T15:31:05.135Z","tool":"get_editor_state","type":"resource","status":"SUCCESS","ms":0,"params":{}}
{"ts":"2026-04-09T15:31:05.235Z","tool":"get_project_info","type":"resource","status":"SUCCESS","ms":0,"params":{}}
{"ts":"2026-04-09T15:31:05.686Z","tool":"get_editor_state","type":"resource","status":"SUCCESS","ms":0,"params":{}}
{"ts":"2026-04-09T15:31:09.398Z","event":"session_start","unity":"6000.4.1f1"}
{"ts":"2026-04-09T15:31:09.394Z","tool":"get_editor_state","type":"resource","status":"SUCCESS","ms":1,"params":{}}
{"ts":"2026-04-09T15:31:09.404Z","tool":"get_project_info","type":"resource","status":"SUCCESS","ms":0,"params":{}}
{"ts":"2026-04-09T15:31:09.669Z","tool":"manage_scene","type":"tool","status":"SUCCESS","ms":164,"action":"create","params":{"action":"create","name":"SCN_Test_FarmGrid","path":"Assets/_Project/Scenes/Test/SCN_Test_FarmGrid.unity","template":"empty"}}
{"ts":"2026-04-09T15:31:37.433Z","tool":"manage_build","type":"tool","status":"SUCCESS","ms":2,"action":"scenes","params":{"action":"scenes","scenes":["Assets/_Project/Scenes/Main/SCN_Loading.unity","Assets/_Project/Scenes/Main/SCN_MainMenu.unity","Assets/_Project/Scenes/Main/SCN_Farm.unity"]}}
{"ts":"2026-04-09T15:31:43.522Z","tool":"read_console","type":"tool","status":"SUCCESS","ms":7,"action":"get","params":{"action":"get","types":["error","warning"],"count":15,"format":"plain","includeStacktrace":false}}
{"ts":"2026-04-09T15:31:49.040Z","tool":"get_editor_state","type":"resource","status":"SUCCESS","ms":0,"params":{}}
{"ts":"2026-04-09T15:31:49.149Z","tool":"get_project_info","type":"resource","status":"SUCCESS","ms":0,"params":{}}
{"ts":"2026-04-09T15:31:49.259Z","tool":"manage_scene","type":"tool","status":"ERROR","ms":1,"action":"load","params":{"action":"load","path":"Assets/_Project/Scenes/Main/SCN_Farm.unity"},"error":"Current scene has unsaved changes. Please save or discard changes before loading a new scene."}
{"ts":"2026-04-09T15:31:53.571Z","tool":"get_editor_state","type":"resource","status":"SUCCESS","ms":0,"params":{}}
{"ts":"2026-04-09T15:31:53.681Z","tool":"get_project_info","type":"resource","status":"SUCCESS","ms":0,"params":{}}
{"ts":"2026-04-09T15:31:54.294Z","tool":"get_editor_state","type":"resource","status":"SUCCESS","ms":0,"params":{}}
{"ts":"2026-04-09T15:31:54.297Z","tool":"get_project_info","type":"resource","status":"SUCCESS","ms":0,"params":{}}
{"ts":"2026-04-09T15:31:59.089Z","event":"session_start","unity":"6000.4.1f1"}
{"ts":"2026-04-09T15:31:59.084Z","tool":"get_editor_state","type":"resource","status":"SUCCESS","ms":1,"params":{}}
{"ts":"2026-04-09T15:31:59.094Z","tool":"get_project_info","type":"resource","status":"SUCCESS","ms":0,"params":{}}
{"ts":"2026-04-09T15:31:59.369Z","tool":"manage_scene","type":"tool","status":"SUCCESS","ms":175,"action":"save","params":{"action":"save"}}
{"ts":"2026-04-09T15:32:03.141Z","tool":"get_editor_state","type":"resource","status":"SUCCESS","ms":0,"params":{}}
{"ts":"2026-04-09T15:32:03.252Z","tool":"get_project_info","type":"resource","status":"SUCCESS","ms":0,"params":{}}
{"ts":"2026-04-09T15:32:03.692Z","tool":"manage_scene","type":"tool","status":"SUCCESS","ms":329,"action":"load","params":{"action":"load","path":"Assets/_Project/Scenes/Main/SCN_Farm.unity"}}
{"ts":"2026-04-09T15:32:12.963Z","tool":"manage_camera","type":"tool","status":"SUCCESS","ms":559,"action":"screenshot","params":{"action":"screenshot","includeImage":true,"maxResolution":512,"captureSource":"scene_view"}}
{"ts":"2026-04-09T15:35:41.214Z","event":"session_start","unity":"6000.4.1f1"}
{"ts":"2026-04-09T15:35:41.210Z","tool":"read_console","type":"tool","status":"SUCCESS","ms":3,"action":"get","params":{"action":"get","types":["error"],"count":10,"format":"plain","includeStacktrace":false}}
